0 info it worked if it ends with ok
1 verbose cli [ 'node', '/usr/bin/npm', 'install', 'chai', '-g' ]
2 info using npm@1.4.6
3 info using node@v0.10.26
4 verbose node symlink /usr/bin/node
5 verbose cache add [ 'chai', null ]
6 verbose cache add name=undefined spec="chai" args=["chai",null]
7 verbose parsed url { protocol: null,
7 verbose parsed url   slashes: null,
7 verbose parsed url   auth: null,
7 verbose parsed url   host: null,
7 verbose parsed url   port: null,
7 verbose parsed url   hostname: null,
7 verbose parsed url   hash: null,
7 verbose parsed url   search: null,
7 verbose parsed url   query: null,
7 verbose parsed url   pathname: 'chai',
7 verbose parsed url   path: 'chai',
7 verbose parsed url   href: 'chai' }
8 silly lockFile 353fd541-chai chai
9 verbose lock chai /root/.npm/353fd541-chai.lock
10 silly lockFile 353fd541-chai chai
11 silly lockFile 353fd541-chai chai
12 verbose addNamed [ 'chai', '' ]
13 verbose addNamed [ null, '*' ]
14 silly lockFile 583c5f63-chai chai@
15 verbose lock chai@ /root/.npm/583c5f63-chai.lock
16 silly addNameRange { name: 'chai', range: '*', hasData: false }
17 verbose url raw chai
18 verbose url resolving [ 'https://registry.npmjs.org/', './chai' ]
19 verbose url resolved https://registry.npmjs.org/chai
20 info trying registry request attempt 1 at 13:15:46
21 http GET https://registry.npmjs.org/chai
22 info retry will retry, error on last attempt: Error: connect ECONNREFUSED
23 info trying registry request attempt 2 at 13:15:56
24 http GET https://registry.npmjs.org/chai
25 info retry will retry, error on last attempt: Error: connect ECONNREFUSED
26 info trying registry request attempt 3 at 13:16:56
27 http GET https://registry.npmjs.org/chai
28 silly lockFile 583c5f63-chai chai@
29 silly lockFile 583c5f63-chai chai@
30 error Error: connect ECONNREFUSED
30 error     at errnoException (net.js:904:11)
30 error     at Object.afterConnect [as oncomplete] (net.js:895:19)
30 error  { [Error: connect ECONNREFUSED]
30 error   code: 'ECONNREFUSED',
30 error   errno: 'ECONNREFUSED',
30 error   syscall: 'connect' }
31 error If you are behind a proxy, please make sure that the
31 error 'proxy' config is set properly.  See: 'npm help config'
32 error System Linux 3.2.0-4-amd64
33 error command "node" "/usr/bin/npm" "install" "chai" "-g"
34 error cwd /home/leandro/Workspace/Git/CanVis
35 error node -v v0.10.26
36 error npm -v 1.4.6
37 error syscall connect
38 error code ECONNREFUSED
39 error errno ECONNREFUSED
40 error stack Error: connect ECONNREFUSED
40 error stack     at errnoException (net.js:904:11)
40 error stack     at Object.afterConnect [as oncomplete] (net.js:895:19)
41 verbose exit [ 1, true ]
